2023-04-17 22:50:23.828 [main] INFO  ClientModule - Запуск DatagramChannel
2023-04-17 22:50:23.839 [main] INFO  KoinStarter - Начало программы
2023-04-17 22:50:26.127 [main] INFO  KoinStarter - Запуск команды: show
2023-04-17 22:50:26.127 [main] INFO  Tokenizator - Начала запуска команды по шаблону listOfNo
2023-04-17 22:50:26.142 [main] INFO  ClientModule - Запрос отправлен
2023-04-17 22:50:29.159 [main] INFO  ClientModule - Ответ от сервера не получен
2023-04-17 22:50:32.742 [main] INFO  KoinStarter - Запуск команды: exit
2023-04-17 22:50:32.742 [main] INFO  Tokenizator - Начала запуска команды по шаблону listOfNo
2023-04-17 22:50:32.743 [main] INFO  ClientModule - Остановка DatagramChannel
2023-04-17 23:28:38.539 [main] INFO  ServerModuleGet - Запуск сервера
2023-04-17 23:28:45.644 [main] INFO  ClientModule - Запуск DatagramChannel
2023-04-17 23:28:45.649 [main] INFO  KoinStarter - Начало программы
2023-04-17 23:29:16.859 [main] INFO  KoinStarter - Запуск команды: show
2023-04-17 23:29:16.860 [main] INFO  Tokenizator - Начала запуска команды по шаблону listOfNo
2023-04-17 23:29:16.871 [main] INFO  ClientModule - Запрос отправлен
2023-04-17 23:29:19.882 [main] INFO  ClientModule - Ответ от сервера не получен
2023-04-17 23:29:59.029 [main] INFO  ServerModuleGet - Запуск сервера
2023-04-17 23:30:12.360 [main] INFO  ClientModule - Запуск DatagramChannel
2023-04-17 23:30:12.367 [main] INFO  KoinStarter - Начало программы
2023-04-17 23:30:14.396 [main] INFO  KoinStarter - Запуск команды: show
2023-04-17 23:30:14.396 [main] INFO  Tokenizator - Начала запуска команды по шаблону listOfNo
2023-04-17 23:30:14.408 [main] INFO  ClientModule - Запрос отправлен
2023-04-17 23:30:14.422 [main] INFO  ServerModule - Получена команда: show
2023-04-17 23:30:14.466 [main] INFO  ServerModule - Отправлен результат
2023-04-17 23:30:14.467 [main] INFO  ClientModule - Получен ответ от сервера
2023-04-17 23:30:21.597 [main] INFO  KoinStarter - Запуск команды: add
2023-04-17 23:30:21.597 [main] INFO  Tokenizator - Начала запуска команды по шаблону listOfAdd
2023-04-17 23:30:26.312 [main] INFO  ClientModule - Запрос отправлен
2023-04-17 23:30:26.344 [main] INFO  ServerModule - Получена команда: add
2023-04-17 23:30:26.347 [main] INFO  ServerModule - Отправлен результат
2023-04-17 23:30:26.348 [main] INFO  ClientModule - Получен ответ от сервера
2023-04-17 23:30:28.332 [main] INFO  KoinStarter - Запуск команды: show
2023-04-17 23:30:28.332 [main] INFO  Tokenizator - Начала запуска команды по шаблону listOfNo
2023-04-17 23:30:28.333 [main] INFO  ClientModule - Запрос отправлен
2023-04-17 23:30:28.333 [main] INFO  ServerModule - Получена команда: show
2023-04-17 23:30:28.334 [main] INFO  ServerModule - Отправлен результат
2023-04-17 23:30:28.334 [main] INFO  ClientModule - Получен ответ от сервера
2023-04-17 23:30:31.310 [main] INFO  KoinStarter - Запуск команды: clear
2023-04-17 23:30:31.310 [main] INFO  Tokenizator - Начала запуска команды по шаблону listOfNo
2023-04-17 23:30:31.310 [main] INFO  ClientModule - Запрос отправлен
2023-04-17 23:30:31.310 [main] INFO  ServerModule - Получена команда: clear
2023-04-17 23:30:31.312 [main] INFO  ServerModule - Отправлен результат
2023-04-17 23:30:31.312 [main] INFO  ClientModule - Получен ответ от сервера
2023-04-17 23:30:33.663 [main] INFO  KoinStarter - Запуск команды: show
2023-04-17 23:30:33.663 [main] INFO  Tokenizator - Начала запуска команды по шаблону listOfNo
2023-04-17 23:30:33.664 [main] INFO  ClientModule - Запрос отправлен
2023-04-17 23:30:33.664 [main] INFO  ServerModule - Получена команда: show
2023-04-17 23:30:33.665 [main] INFO  ServerModule - Отправлен результат
2023-04-17 23:30:33.666 [main] INFO  ClientModule - Получен ответ от сервера
2023-04-17 23:30:38.096 [main] INFO  KoinStarter - Запуск команды: exitserver
2023-04-17 23:30:38.097 [main] INFO  Tokenizator - Неверная команда
2023-04-17 23:30:50.024 [main] INFO  KoinStarter - Запуск команды: exit_server
2023-04-17 23:30:50.024 [main] INFO  Tokenizator - Начала запуска команды по шаблону listOfNo
2023-04-17 23:30:50.025 [main] INFO  ClientModule - Запрос отправлен
2023-04-17 23:30:50.025 [main] INFO  ServerModule - Получена команда: exit_server
2023-04-17 23:30:53.028 [main] INFO  ClientModule - Ответ от сервера не получен
2023-04-17 23:31:13.400 [main] INFO  KoinStarter - Запуск команды: exit
2023-04-17 23:31:13.400 [main] INFO  Tokenizator - Начала запуска команды по шаблону listOfNo
2023-04-17 23:31:13.400 [main] INFO  ClientModule - Остановка DatagramChannel
2023-04-18 01:53:15.558 [main] INFO  ClientModule - Запуск DatagramChannel
2023-04-18 01:53:15.567 [main] INFO  KoinStarter - Начало программы
2023-04-18 01:53:27.653 [main] INFO  ServerModuleGet - Запуск сервера
2023-04-18 01:53:36.841 [main] INFO  KoinStarter - Запуск команды: show
2023-04-18 01:53:36.841 [main] INFO  Tokenizator - Начала запуска команды по шаблону listOfNo
2023-04-18 01:53:36.854 [main] INFO  ClientModule - Запрос отправлен
2023-04-18 01:53:36.867 [main] INFO  ServerModule - Получена команда: show
2023-04-18 01:53:36.962 [main] INFO  ServerModule - Отправлен результат
2023-04-18 01:53:36.962 [main] INFO  ClientModule - Получен ответ от сервера
2023-04-18 01:54:36.763 [main] INFO  KoinStarter - Запуск команды: add
2023-04-18 01:54:36.763 [main] INFO  Tokenizator - Начала запуска команды по шаблону listOfObject
2023-04-18 01:55:09.403 [main] INFO  ClientModule - Запрос отправлен
2023-04-18 01:55:09.420 [main] INFO  ServerModule - Получена команда: add
2023-04-18 01:55:09.422 [main] INFO  ServerModule - Отправлен результат
2023-04-18 01:55:09.423 [main] INFO  ClientModule - Получен ответ от сервера
2023-04-18 01:55:31.723 [main] INFO  KoinStarter - Запуск команды: update_id
2023-04-18 01:55:31.723 [main] INFO  Tokenizator - Начала запуска команды по шаблону listOfObjectPlus
2023-04-18 01:56:08.730 [main] INFO  ClientModule - Запрос отправлен
2023-04-18 01:56:08.731 [main] INFO  ServerModule - Получена команда: update_id
2023-04-18 01:56:08.732 [main] INFO  ServerModule - Отправлен результат
2023-04-18 01:56:08.733 [main] INFO  ClientModule - Получен ответ от сервера
2023-04-18 01:56:22.198 [main] INFO  KoinStarter - Запуск команды: show
2023-04-18 01:56:22.198 [main] INFO  Tokenizator - Начала запуска команды по шаблону listOfNo
2023-04-18 01:56:22.199 [main] INFO  ClientModule - Запрос отправлен
2023-04-18 01:56:22.199 [main] INFO  ServerModule - Получена команда: show
2023-04-18 01:56:22.201 [main] INFO  ServerModule - Отправлен результат
2023-04-18 01:56:22.201 [main] INFO  ClientModule - Получен ответ от сервера
2023-04-18 01:56:38.529 [main] INFO  KoinStarter - Запуск команды: upadte_id
2023-04-18 01:56:38.529 [main] INFO  Tokenizator - Неверная команда
2023-04-18 01:56:45.343 [main] INFO  KoinStarter - Запуск команды: update_id
2023-04-18 01:56:45.343 [main] INFO  Tokenizator - Начала запуска команды по шаблону listOfObjectPlus
2023-04-18 01:56:55.963 [main] INFO  ClientModule - Запрос отправлен
2023-04-18 01:56:55.964 [main] INFO  ServerModule - Получена команда: update_id
2023-04-18 01:56:55.965 [main] INFO  ServerModule - Отправлен результат
2023-04-18 01:56:55.966 [main] INFO  ClientModule - Получен ответ от сервера
2023-04-18 01:56:59.715 [main] INFO  KoinStarter - Запуск команды: show
2023-04-18 01:56:59.715 [main] INFO  Tokenizator - Начала запуска команды по шаблону listOfNo
2023-04-18 01:56:59.715 [main] INFO  ClientModule - Запрос отправлен
2023-04-18 01:56:59.715 [main] INFO  ServerModule - Получена команда: show
2023-04-18 01:56:59.716 [main] INFO  ServerModule - Отправлен результат
2023-04-18 01:56:59.717 [main] INFO  ClientModule - Получен ответ от сервера
2023-04-18 02:09:07.897 [main] INFO  ServerModuleGet - Запуск сервера
2023-04-18 02:09:23.766 [main] INFO  ClientModule - Запуск DatagramChannel
2023-04-18 02:09:23.771 [main] INFO  KoinStarter - Начало программы
2023-04-18 02:10:42.704 [main] INFO  KoinStarter - Запуск команды: show
2023-04-18 02:10:42.705 [main] INFO  Tokenizator - Начала запуска команды по шаблону listOfNo
2023-04-18 02:10:42.716 [main] INFO  ClientModule - Запрос отправлен
2023-04-18 02:10:42.732 [main] INFO  ServerModule - Получена команда: show
2023-04-18 02:10:42.742 [main] INFO  ServerModule - Отправлен результат
2023-04-18 02:10:42.743 [main] INFO  ClientModule - Получен ответ от сервера
2023-04-18 02:10:44.555 [main] INFO  KoinStarter - Запуск команды: add
2023-04-18 02:10:44.555 [main] INFO  Tokenizator - Начала запуска команды по шаблону listOfObject
2023-04-18 02:10:51.135 [main] INFO  ClientModule - Запрос отправлен
2023-04-18 02:10:51.138 [main] INFO  ServerModule - Получена команда: add
2023-04-18 02:10:51.142 [main] INFO  ServerModule - Отправлен результат
2023-04-18 02:10:51.142 [main] INFO  ClientModule - Получен ответ от сервера
2023-04-18 02:10:54.300 [main] INFO  KoinStarter - Запуск команды: show
2023-04-18 02:10:54.300 [main] INFO  Tokenizator - Начала запуска команды по шаблону listOfNo
2023-04-18 02:10:54.300 [main] INFO  ClientModule - Запрос отправлен
2023-04-18 02:10:54.301 [main] INFO  ServerModule - Получена команда: show
2023-04-18 02:10:54.301 [main] INFO  ServerModule - Отправлен результат
2023-04-18 02:10:54.302 [main] INFO  ClientModule - Получен ответ от сервера
2023-04-18 02:10:59.090 [main] INFO  KoinStarter - Запуск команды: update_id
2023-04-18 02:10:59.091 [main] INFO  Tokenizator - Начала запуска команды по шаблону listOfObjectPlus
2023-04-18 02:11:30.236 [main] INFO  ClientModule - Запрос отправлен
2023-04-18 02:11:30.236 [main] INFO  ServerModule - Получена команда: update_id
2023-04-18 02:11:30.238 [main] INFO  ServerModule - Отправлен результат
2023-04-18 02:11:30.238 [main] INFO  ClientModule - Получен ответ от сервера
2023-04-18 02:11:34.721 [main] INFO  KoinStarter - Запуск команды: show
2023-04-18 02:11:34.721 [main] INFO  Tokenizator - Начала запуска команды по шаблону listOfNo
2023-04-18 02:11:34.721 [main] INFO  ClientModule - Запрос отправлен
2023-04-18 02:11:34.722 [main] INFO  ServerModule - Получена команда: show
2023-04-18 02:11:34.723 [main] INFO  ServerModule - Отправлен результат
2023-04-18 02:11:34.724 [main] INFO  ClientModule - Получен ответ от сервера
2023-04-18 02:11:39.516 [main] INFO  KoinStarter - Запуск команды: clear
2023-04-18 02:11:39.516 [main] INFO  Tokenizator - Начала запуска команды по шаблону listOfNo
2023-04-18 02:11:39.516 [main] INFO  ClientModule - Запрос отправлен
2023-04-18 02:11:39.517 [main] INFO  ServerModule - Получена команда: clear
2023-04-18 02:11:39.518 [main] INFO  ServerModule - Отправлен результат
2023-04-18 02:11:39.519 [main] INFO  ClientModule - Получен ответ от сервера
2023-04-18 02:11:42.382 [main] INFO  KoinStarter - Запуск команды: show
2023-04-18 02:11:42.383 [main] INFO  Tokenizator - Начала запуска команды по шаблону listOfNo
2023-04-18 02:11:42.383 [main] INFO  ClientModule - Запрос отправлен
2023-04-18 02:11:42.383 [main] INFO  ServerModule - Получена команда: show
2023-04-18 02:11:42.384 [main] INFO  ServerModule - Отправлен результат
2023-04-18 02:11:42.385 [main] INFO  ClientModule - Получен ответ от сервера
2023-04-18 02:11:47.812 [main] INFO  KoinStarter - Запуск команды: exit_server
2023-04-18 02:11:47.812 [main] INFO  Tokenizator - Начала запуска команды по шаблону listOfNo
2023-04-18 02:11:47.812 [main] INFO  ClientModule - Запрос отправлен
2023-04-18 02:11:47.813 [main] INFO  ServerModule - Получена команда: exit_server
2023-04-18 02:11:50.821 [main] INFO  ClientModule - Ответ от сервера не получен
2023-04-18 02:11:55.383 [main] INFO  KoinStarter - Запуск команды: exit
2023-04-18 02:11:55.383 [main] INFO  Tokenizator - Начала запуска команды по шаблону listOfNo
2023-04-18 02:11:55.383 [main] INFO  ClientModule - Остановка DatagramChannel
2023-04-18 20:33:47.056 [main] INFO  ClientModule - Запуск DatagramChannel
2023-04-18 20:33:47.952 [main] INFO  KoinStarter - Начало программы
2023-04-18 20:33:56.785 [main] INFO  KoinStarter - Запуск команды: exit
2023-04-18 20:33:56.786 [main] INFO  Tokenizator - Неверная команда
2023-04-18 21:03:56.480 [main] INFO  ClientModule - Запуск DatagramChannel
2023-04-18 21:03:56.489 [main] INFO  KoinStarter - Начало программы
2023-04-18 22:20:18.848 [main] INFO  ServerModuleGet - Запуск сервера
2023-04-18 22:20:36.148 [main] INFO  KoinStarter - Запуск команды: update_command
2023-04-18 22:20:36.162 [main] INFO  Tokenizator - Неверная команда
2023-04-18 23:46:39.295 [main] INFO  ClientModule - Запуск DatagramChannel
2023-04-18 23:46:39.304 [main] INFO  KoinStarter - Начало программы
2023-04-18 23:46:39.314 [main] INFO  Tokenizator - Начала запуска команды по шаблону listOfNo
2023-04-18 23:46:39.392 [main] INFO  ClientModule - Запрос отправлен
2023-04-18 23:46:42.428 [main] INFO  ClientModule - Ответ от сервера не получен
2023-04-18 23:48:06.867 [main] INFO  ServerModuleGet - Запуск сервера
2023-04-18 23:48:20.048 [main] INFO  ClientModule - Запуск DatagramChannel
2023-04-18 23:48:20.055 [main] INFO  KoinStarter - Начало программы
2023-04-18 23:48:20.069 [main] INFO  Tokenizator - Начала запуска команды по шаблону listOfNo
2023-04-18 23:48:20.082 [main] INFO  ClientModule - Запрос отправлен
2023-04-18 23:48:20.100 [main] INFO  ServerModule - Получена команда: update_command
2023-04-18 23:48:20.150 [main] INFO  ServerModule - Отправлен результат
2023-04-18 23:48:20.151 [main] INFO  ClientModule - Получен ответ от сервера
2023-04-18 23:49:19.129 [main] INFO  ServerModuleGet - Запуск сервера
2023-04-18 23:49:27.751 [main] INFO  KoinStarter - Запуск команды: update_command
2023-04-18 23:49:27.751 [main] INFO  Tokenizator - Начала запуска команды по шаблону listOfNo
2023-04-18 23:49:27.752 [main] INFO  ClientModule - Запрос отправлен
2023-04-18 23:49:27.765 [main] INFO  ServerModule - Получена команда: update_command
2023-04-18 23:49:27.778 [main] INFO  ServerModule - Отправлен результат
2023-04-18 23:49:27.779 [main] INFO  ClientModule - Получен ответ от сервера
2023-04-18 23:49:39.753 [main] INFO  KoinStarter - Запуск команды: show
2023-04-18 23:49:39.754 [main] INFO  Tokenizator - Начала запуска команды по шаблону listOfNo
2023-04-18 23:49:39.754 [main] INFO  ClientModule - Запрос отправлен
2023-04-18 23:49:39.754 [main] INFO  ServerModule - Получена команда: show
2023-04-18 23:49:39.772 [main] INFO  ServerModule - Отправлен результат
2023-04-18 23:49:39.773 [main] INFO  ClientModule - Получен ответ от сервера
2023-04-18 23:50:19.461 [main] INFO  KoinStarter - Запуск команды: update_command
2023-04-18 23:50:19.461 [main] INFO  Tokenizator - Начала запуска команды по шаблону listOfNo
2023-04-18 23:50:19.462 [main] INFO  ClientModule - Запрос отправлен
2023-04-18 23:50:19.463 [main] INFO  ServerModule - Получена команда: update_command
2023-04-18 23:50:19.464 [main] INFO  ServerModule - Отправлен результат
2023-04-18 23:50:19.464 [main] INFO  ClientModule - Получен ответ от сервера
2023-04-18 23:50:40.315 [main] INFO  KoinStarter - Запуск команды: update_command
2023-04-18 23:50:40.315 [main] INFO  Tokenizator - Начала запуска команды по шаблону listOfNo
2023-04-18 23:50:40.316 [main] INFO  ClientModule - Запрос отправлен
2023-04-18 23:50:40.316 [main] INFO  ServerModule - Получена команда: update_command
2023-04-18 23:50:40.317 [main] INFO  ServerModule - Отправлен результат
2023-04-18 23:50:40.317 [main] INFO  ClientModule - Получен ответ от сервера
2023-04-20 23:47:10.363 [main] INFO  ServerModuleGet - Запуск сервера
2023-04-20 23:47:18.950 [main] INFO  ClientModule - Запуск DatagramChannel
2023-04-20 23:47:18.954 [main] INFO  KoinStarter - Начало программы
2023-04-20 23:47:18.974 [main] INFO  Tokenizator - Начала запуска команды по шаблону listOfNo
2023-04-20 23:47:18.984 [main] INFO  ClientModule - Запрос отправлен
2023-04-20 23:47:18.994 [main] INFO  ServerModule - Получена команда: update_command
2023-04-20 23:47:19.003 [main] INFO  ServerModule - Отправлен результат
2023-04-20 23:47:19.003 [main] INFO  ClientModule - Получен ответ от сервера
2023-04-20 23:47:30.712 [main] INFO  KoinStarter - Запуск команды: show
2023-04-20 23:47:30.712 [main] INFO  Tokenizator - Начала запуска команды по шаблону listOfNo
2023-04-20 23:47:30.712 [main] INFO  ClientModule - Запрос отправлен
2023-04-20 23:47:30.713 [main] INFO  ServerModule - Получена команда: show
2023-04-20 23:47:30.714 [main] INFO  ServerModule - Отправлен результат
2023-04-20 23:47:30.714 [main] INFO  ClientModule - Получен ответ от сервера
2023-04-20 23:47:33.169 [main] INFO  KoinStarter - Запуск команды: add
2023-04-20 23:47:33.169 [main] INFO  Tokenizator - Начала запуска команды по шаблону listOfObject
2023-04-20 23:47:37.568 [main] INFO  ClientModule - Запрос отправлен
2023-04-20 23:47:37.569 [main] INFO  ServerModule - Получена команда: add
2023-04-20 23:47:37.572 [main] INFO  ServerModule - Отправлен результат
2023-04-20 23:47:37.572 [main] INFO  ClientModule - Получен ответ от сервера
2023-04-20 23:47:39.427 [main] INFO  KoinStarter - Запуск команды: load
2023-04-20 23:47:39.427 [main] INFO  Tokenizator - Неверная команда
2023-04-20 23:47:45.853 [main] INFO  KoinStarter - Запуск команды: load
2023-04-20 23:47:45.853 [main] INFO  Tokenizator - Неверная команда
2023-04-20 23:49:06.281 [main] INFO  ClientModule - Запуск DatagramChannel
2023-04-20 23:49:06.286 [main] INFO  KoinStarter - Начало программы
2023-04-20 23:49:06.294 [main] INFO  Tokenizator - Начала запуска команды по шаблону listOfNo
2023-04-20 23:49:06.303 [main] INFO  ClientModule - Запрос отправлен
2023-04-20 23:49:06.304 [main] INFO  ServerModule - Получена команда: update_command
2023-04-20 23:49:06.305 [main] INFO  ServerModule - Отправлен результат
2023-04-20 23:49:06.312 [main] INFO  ClientModule - Получен ответ от сервера
2023-04-20 23:49:08.803 [main] INFO  KoinStarter - Запуск команды: shoiw
2023-04-20 23:49:08.804 [main] INFO  Tokenizator - Неверная команда
2023-04-20 23:49:09.685 [main] INFO  KoinStarter - Запуск команды: show
2023-04-20 23:49:09.685 [main] INFO  Tokenizator - Начала запуска команды по шаблону listOfNo
2023-04-20 23:49:09.685 [main] INFO  ClientModule - Запрос отправлен
2023-04-20 23:49:09.686 [main] INFO  ServerModule - Получена команда: show
2023-04-20 23:49:09.687 [main] INFO  ServerModule - Отправлен результат
2023-04-20 23:49:09.687 [main] INFO  ClientModule - Получен ответ от сервера
2023-04-20 23:49:11.743 [main] INFO  KoinStarter - Запуск команды: load
2023-04-20 23:49:11.743 [main] INFO  Tokenizator - Начала запуска команды по шаблону listOfNo
2023-04-20 23:49:11.743 [main] INFO  ClientModule - Запрос отправлен
2023-04-20 23:49:11.744 [main] INFO  ServerModule - Получена команда: load
2023-04-20 23:49:14.757 [main] INFO  ClientModule - Ответ от сервера не получен
2023-04-20 23:51:53.483 [main] INFO  ServerModuleGet - Запуск сервера
2023-04-20 23:51:57.863 [main] INFO  ClientModule - Запуск DatagramChannel
2023-04-20 23:51:57.867 [main] INFO  KoinStarter - Начало программы
2023-04-20 23:51:57.880 [main] INFO  Tokenizator - Начала запуска команды по шаблону listOfNo
2023-04-20 23:51:57.890 [main] INFO  ClientModule - Запрос отправлен
2023-04-20 23:51:57.901 [main] INFO  ServerModule - Получена команда: update_command
2023-04-20 23:51:57.912 [main] INFO  ServerModule - Отправлен результат
2023-04-20 23:51:57.913 [main] INFO  ClientModule - Получен ответ от сервера
2023-04-20 23:52:10.146 [main] INFO  KoinStarter - Запуск команды: load
2023-04-20 23:52:10.147 [main] INFO  Tokenizator - Начала запуска команды по шаблону listOfNo
2023-04-20 23:52:10.147 [main] INFO  ClientModule - Запрос отправлен
2023-04-20 23:52:10.147 [main] INFO  ServerModule - Получена команда: load
2023-04-20 23:52:10.205 [main] INFO  ServerModule - Отправлен результат
2023-04-20 23:52:10.205 [main] INFO  ClientModule - Получен ответ от сервера
2023-04-20 23:52:12.010 [main] INFO  KoinStarter - Запуск команды: show
2023-04-20 23:52:12.010 [main] INFO  Tokenizator - Начала запуска команды по шаблону listOfNo
2023-04-20 23:52:12.010 [main] INFO  ClientModule - Запрос отправлен
2023-04-20 23:52:12.010 [main] INFO  ServerModule - Получена команда: show
2023-04-20 23:52:12.012 [main] INFO  ServerModule - Отправлен результат
2023-04-20 23:52:12.012 [main] INFO  ClientModule - Получен ответ от сервера
2023-04-20 23:52:14.185 [main] INFO  KoinStarter - Запуск команды: add
2023-04-20 23:52:14.185 [main] INFO  Tokenizator - Начала запуска команды по шаблону listOfObject
2023-04-20 23:52:18.062 [main] INFO  ClientModule - Запрос отправлен
2023-04-20 23:52:18.064 [main] INFO  ServerModule - Получена команда: add
2023-04-20 23:52:18.064 [main] INFO  ServerModule - Отправлен результат
2023-04-20 23:52:18.065 [main] INFO  ClientModule - Получен ответ от сервера
2023-04-20 23:52:22.952 [main] INFO  KoinStarter - Запуск команды: switch
2023-04-20 23:52:22.952 [main] INFO  Tokenizator - Начала запуска команды по шаблону listOfNo
2023-04-20 23:52:22.952 [main] INFO  ClientModule - Запрос отправлен
2023-04-20 23:52:22.952 [main] INFO  ServerModule - Получена команда: switch
2023-04-20 23:52:22.953 [main] INFO  ServerModule - Отправлен результат
2023-04-20 23:52:22.954 [main] INFO  ClientModule - Получен ответ от сервера
2023-04-20 23:52:25.813 [main] INFO  KoinStarter - Запуск команды: info
2023-04-20 23:52:25.813 [main] INFO  Tokenizator - Начала запуска команды по шаблону listOfNo
2023-04-20 23:52:25.813 [main] INFO  ClientModule - Запрос отправлен
2023-04-20 23:52:25.813 [main] INFO  ServerModule - Получена команда: info
2023-04-20 23:52:25.814 [main] INFO  ServerModule - Отправлен результат
2023-04-20 23:52:25.815 [main] INFO  ClientModule - Получен ответ от сервера
2023-04-20 23:52:30.924 [main] INFO  KoinStarter - Запуск команды: save
2023-04-20 23:52:30.924 [main] INFO  Tokenizator - Начала запуска команды по шаблону listOfNo
2023-04-20 23:52:30.925 [main] INFO  ClientModule - Запрос отправлен
2023-04-20 23:52:30.926 [main] INFO  ServerModule - Получена команда: save
2023-04-20 23:52:30.939 [main] INFO  ServerModule - Отправлен результат
2023-04-20 23:52:30.939 [main] INFO  ClientModule - Получен ответ от сервера
2023-04-20 23:52:39.295 [main] INFO  KoinStarter - Запуск команды: switch
2023-04-20 23:52:39.295 [main] INFO  Tokenizator - Начала запуска команды по шаблону listOfNo
2023-04-20 23:52:39.295 [main] INFO  ClientModule - Запрос отправлен
2023-04-20 23:52:39.295 [main] INFO  ServerModule - Получена команда: switch
2023-04-20 23:52:39.296 [main] INFO  ServerModule - Отправлен результат
2023-04-20 23:52:39.296 [main] INFO  ClientModule - Получен ответ от сервера
2023-04-20 23:52:41.246 [main] INFO  KoinStarter - Запуск команды: exit
2023-04-20 23:52:41.246 [main] INFO  Tokenizator - Начала запуска команды по шаблону listOfNo
2023-04-20 23:52:41.246 [main] INFO  ClientModule - Остановка DatagramChannel
2023-04-20 23:53:03.068 [main] INFO  ClientModule - Запуск DatagramChannel
2023-04-20 23:53:03.072 [main] INFO  KoinStarter - Начало программы
2023-04-20 23:53:03.082 [main] INFO  Tokenizator - Начала запуска команды по шаблону listOfNo
2023-04-20 23:53:03.091 [main] INFO  ClientModule - Запрос отправлен
2023-04-20 23:53:03.091 [main] INFO  ServerModule - Получена команда: update_command
2023-04-20 23:53:03.092 [main] INFO  ServerModule - Отправлен результат
2023-04-20 23:53:03.099 [main] INFO  ClientModule - Получен ответ от сервера
2023-04-20 23:53:06.741 [main] INFO  KoinStarter - Запуск команды: show
2023-04-20 23:53:06.741 [main] INFO  Tokenizator - Начала запуска команды по шаблону listOfNo
2023-04-20 23:53:06.741 [main] INFO  ClientModule - Запрос отправлен
2023-04-20 23:53:06.741 [main] INFO  ServerModule - Получена команда: show
2023-04-20 23:53:06.742 [main] INFO  ServerModule - Отправлен результат
2023-04-20 23:53:06.742 [main] INFO  ClientModule - Получен ответ от сервера
2023-04-20 23:53:08.803 [main] INFO  KoinStarter - Запуск команды: load
2023-04-20 23:53:08.804 [main] INFO  Tokenizator - Начала запуска команды по шаблону listOfNo
2023-04-20 23:53:08.804 [main] INFO  ClientModule - Запрос отправлен
2023-04-20 23:53:08.804 [main] INFO  ServerModule - Получена команда: load
2023-04-20 23:53:08.810 [main] INFO  ServerModule - Отправлен результат
2023-04-20 23:53:08.810 [main] INFO  ClientModule - Получен ответ от сервера
2023-04-20 23:53:10.404 [main] INFO  KoinStarter - Запуск команды: info
2023-04-20 23:53:10.404 [main] INFO  Tokenizator - Начала запуска команды по шаблону listOfNo
2023-04-20 23:53:10.404 [main] INFO  ClientModule - Запрос отправлен
2023-04-20 23:53:10.405 [main] INFO  ServerModule - Получена команда: info
2023-04-20 23:53:10.406 [main] INFO  ServerModule - Отправлен результат
2023-04-20 23:53:10.406 [main] INFO  ClientModule - Получен ответ от сервера
2023-04-20 23:53:20.118 [main] INFO  KoinStarter - Запуск команды: switch
2023-04-20 23:53:20.119 [main] INFO  Tokenizator - Начала запуска команды по шаблону listOfNo
2023-04-20 23:53:20.119 [main] INFO  ClientModule - Запрос отправлен
2023-04-20 23:53:20.119 [main] INFO  ServerModule - Получена команда: switch
2023-04-20 23:53:20.120 [main] INFO  ServerModule - Отправлен результат
2023-04-20 23:53:20.120 [main] INFO  ClientModule - Получен ответ от сервера
2023-04-20 23:53:36.025 [main] INFO  KoinStarter - Запуск команды: help
2023-04-20 23:53:36.025 [main] INFO  Tokenizator - Начала запуска команды по шаблону listOfNo
2023-04-20 23:53:50.965 [main] INFO  KoinStarter - Запуск команды: average_of_distance
2023-04-20 23:53:50.965 [main] INFO  Tokenizator - Начала запуска команды по шаблону listOfNo
2023-04-20 23:53:50.965 [main] INFO  ClientModule - Запрос отправлен
2023-04-20 23:53:50.966 [main] INFO  ServerModule - Получена команда: average_of_distance
2023-04-20 23:53:50.969 [main] INFO  ServerModule - Отправлен результат
2023-04-20 23:53:50.970 [main] INFO  ClientModule - Получен ответ от сервера
2023-04-20 23:54:02.719 [main] INFO  KoinStarter - Запуск команды: remove_by_id
2023-04-20 23:54:02.719 [main] INFO  Tokenizator - Начала запуска команды по шаблону listOfLong
2023-04-20 23:54:02.719 [main] INFO  ClientModule - Запрос отправлен
2023-04-20 23:54:02.720 [main] INFO  ServerModule - Получена команда: remove_by_id
2023-04-20 23:54:02.721 [main] INFO  ServerModule - Отправлен результат
2023-04-20 23:54:02.721 [main] INFO  ClientModule - Получен ответ от сервера
2023-04-20 23:54:04.405 [main] INFO  KoinStarter - Запуск команды: show
2023-04-20 23:54:04.405 [main] INFO  Tokenizator - Начала запуска команды по шаблону listOfNo
2023-04-20 23:54:04.405 [main] INFO  ClientModule - Запрос отправлен
2023-04-20 23:54:04.406 [main] INFO  ServerModule - Получена команда: show
2023-04-20 23:54:04.406 [main] INFO  ServerModule - Отправлен результат
2023-04-20 23:54:04.407 [main] INFO  ClientModule - Получен ответ от сервера
2023-04-20 23:54:13.831 [main] INFO  KoinStarter - Запуск команды: remove_first
2023-04-20 23:54:13.831 [main] INFO  Tokenizator - Начала запуска команды по шаблону listOfNo
2023-04-20 23:54:13.832 [main] INFO  ClientModule - Запрос отправлен
2023-04-20 23:54:13.832 [main] INFO  ServerModule - Получена команда: remove_first
2023-04-20 23:54:13.832 [main] INFO  ServerModule - Отправлен результат
2023-04-20 23:54:13.832 [main] INFO  ClientModule - Получен ответ от сервера
2023-04-20 23:54:15.715 [main] INFO  KoinStarter - Запуск команды: show
2023-04-20 23:54:15.715 [main] INFO  Tokenizator - Начала запуска команды по шаблону listOfNo
2023-04-20 23:54:15.716 [main] INFO  ClientModule - Запрос отправлен
2023-04-20 23:54:15.716 [main] INFO  ServerModule - Получена команда: show
2023-04-20 23:54:15.717 [main] INFO  ServerModule - Отправлен результат
2023-04-20 23:54:15.717 [main] INFO  ClientModule - Получен ответ от сервера
2023-04-20 23:54:29.035 [main] INFO  KoinStarter - Запуск команды: history
2023-04-20 23:54:29.035 [main] INFO  Tokenizator - Начала запуска команды по шаблону listOfNo
2023-04-20 23:54:29.036 [main] INFO  ClientModule - Запрос отправлен
2023-04-20 23:54:29.036 [main] INFO  ServerModule - Получена команда: history
2023-04-20 23:54:29.037 [main] INFO  ServerModule - Отправлен результат
2023-04-20 23:54:29.037 [main] INFO  ClientModule - Получен ответ от сервера
2023-04-20 23:54:46.048 [main] INFO  KoinStarter - Запуск команды: filter_less_than_distance
2023-04-20 23:54:46.048 [main] INFO  Tokenizator - Начала запуска команды по шаблону listOfLong
2023-04-20 23:54:46.048 [main] INFO  ClientModule - Запрос отправлен
2023-04-20 23:54:46.048 [main] INFO  ServerModule - Получена команда: filter_less_than_distance
2023-04-20 23:54:46.049 [main] INFO  ServerModule - Отправлен результат
2023-04-20 23:54:46.049 [main] INFO  ClientModule - Получен ответ от сервера
2023-04-20 23:55:04.285 [main] INFO  KoinStarter - Запуск команды: filter_less_than_distance
2023-04-20 23:55:04.285 [main] INFO  Tokenizator - Начала запуска команды по шаблону listOfLong
2023-04-20 23:55:04.285 [main] INFO  ClientModule - Запрос отправлен
2023-04-20 23:55:04.286 [main] INFO  ServerModule - Получена команда: filter_less_than_distance
2023-04-20 23:55:04.287 [main] INFO  ServerModule - Отправлен результат
2023-04-20 23:55:04.287 [main] INFO  ClientModule - Получен ответ от сервера
2023-04-20 23:55:13.771 [main] INFO  KoinStarter - Запуск команды: filter_less_than_distance
2023-04-20 23:55:13.771 [main] INFO  Tokenizator - Начала запуска команды по шаблону listOfLong
2023-04-20 23:55:13.772 [main] INFO  ClientModule - Запрос отправлен
2023-04-20 23:55:13.772 [main] INFO  ServerModule - Получена команда: filter_less_than_distance
2023-04-20 23:55:13.773 [main] INFO  ServerModule - Отправлен результат
2023-04-20 23:55:13.773 [main] INFO  ClientModule - Получен ответ от сервера
2023-04-20 23:55:16.999 [main] INFO  KoinStarter - Запуск команды: filter_less_than_distance
2023-04-20 23:55:16.999 [main] INFO  Tokenizator - Начала запуска команды по шаблону listOfLong
2023-04-20 23:55:16.999 [main] INFO  ClientModule - Запрос отправлен
2023-04-20 23:55:17.000 [main] INFO  ServerModule - Получена команда: filter_less_than_distance
2023-04-20 23:55:17.000 [main] INFO  ServerModule - Отправлен результат
2023-04-20 23:55:17.000 [main] INFO  ClientModule - Получен ответ от сервера
2023-04-20 23:59:38.792 [main] INFO  KoinStarter - Запуск команды: exit
2023-04-20 23:59:38.792 [main] INFO  Tokenizator - Начала запуска команды по шаблону listOfNo
2023-04-20 23:59:38.792 [main] INFO  ClientModule - Остановка DatagramChannel
2023-04-21 00:00:11.747 [main] INFO  ServerModuleGet - Запуск сервера
2023-04-21 00:00:17.704 [main] INFO  ClientModule - Запуск DatagramChannel
2023-04-21 00:00:17.709 [main] INFO  KoinStarter - Начало программы
2023-04-21 00:00:17.720 [main] INFO  Tokenizator - Начала запуска команды по шаблону listOfNo
2023-04-21 00:00:17.730 [main] INFO  ClientModule - Запрос отправлен
2023-04-21 00:00:17.740 [main] INFO  ServerModule - Получена команда: update_command
2023-04-21 00:00:17.749 [main] INFO  ServerModule - Отправлен результат
2023-04-21 00:00:17.750 [main] INFO  ClientModule - Получен ответ от сервера
2023-04-21 00:00:27.487 [main] INFO  KoinStarter - Запуск команды: show
2023-04-21 00:00:27.487 [main] INFO  Tokenizator - Начала запуска команды по шаблону listOfNo
2023-04-21 00:00:27.487 [main] INFO  ClientModule - Запрос отправлен
2023-04-21 00:00:27.487 [main] INFO  ServerModule - Получена команда: show
2023-04-21 00:00:27.489 [main] INFO  ServerModule - Отправлен результат
2023-04-21 00:00:27.489 [main] INFO  ClientModule - Получен ответ от сервера
2023-04-21 00:00:30.103 [main] INFO  KoinStarter - Запуск команды: load
2023-04-21 00:00:30.103 [main] INFO  Tokenizator - Начала запуска команды по шаблону listOfNo
2023-04-21 00:00:30.103 [main] INFO  ClientModule - Запрос отправлен
2023-04-21 00:00:30.103 [main] INFO  ServerModule - Получена команда: load
2023-04-21 00:00:30.159 [main] INFO  ServerModule - Отправлен результат
2023-04-21 00:00:30.159 [main] INFO  ClientModule - Получен ответ от сервера
2023-04-21 00:00:39.715 [main] INFO  KoinStarter - Запуск команды: filter_less_than_distance
2023-04-21 00:00:39.715 [main] INFO  Tokenizator - Начала запуска команды по шаблону listOfLong
2023-04-21 00:00:39.716 [main] INFO  ClientModule - Запрос отправлен
2023-04-21 00:00:39.717 [main] INFO  ServerModule - Получена команда: filter_less_than_distance
2023-04-21 00:00:39.718 [main] INFO  ServerModule - Отправлен результат
2023-04-21 00:00:39.718 [main] INFO  ClientModule - Получен ответ от сервера
2023-04-21 00:00:49.027 [main] INFO  KoinStarter - Запуск команды: filter_less_than_distance
2023-04-21 00:00:49.027 [main] INFO  Tokenizator - Начала запуска команды по шаблону listOfLong
2023-04-21 00:00:49.028 [main] INFO  ClientModule - Запрос отправлен
2023-04-21 00:00:49.029 [main] INFO  ServerModule - Получена команда: filter_less_than_distance
2023-04-21 00:00:49.029 [main] INFO  ServerModule - Отправлен результат
2023-04-21 00:00:49.029 [main] INFO  ClientModule - Получен ответ от сервера
2023-04-21 00:02:19.135 [main] INFO  KoinStarter - Запуск команды: exit
2023-04-21 00:02:19.135 [main] INFO  Tokenizator - Начала запуска команды по шаблону listOfNo
2023-04-21 00:02:19.135 [main] INFO  ClientModule - Остановка DatagramChannel
2023-04-21 00:05:33.812 [main] INFO  ClientModule - Запуск DatagramChannel
2023-04-21 00:05:33.818 [main] INFO  KoinStarter - Начало программы
2023-04-21 00:05:33.829 [main] INFO  Tokenizator - Начала запуска команды по шаблону listOfNo
2023-04-21 00:05:33.840 [main] INFO  ClientModule - Запрос отправлен
2023-04-21 00:05:33.841 [main] INFO  ServerModule - Получена команда: update_command
2023-04-21 00:05:33.841 [main] INFO  ServerModule - Отправлен результат
2023-04-21 00:05:33.854 [main] INFO  ClientModule - Получен ответ от сервера
2023-04-21 00:05:50.185 [main] INFO  KoinStarter - Запуск команды: filter_less_than_distance
2023-04-21 00:05:50.185 [main] INFO  Tokenizator - Начала запуска команды по шаблону listOfLong
2023-04-21 00:05:50.185 [main] INFO  ClientModule - Запрос отправлен
2023-04-21 00:05:50.186 [main] INFO  ServerModule - Получена команда: filter_less_than_distance
2023-04-21 00:05:50.186 [main] INFO  ServerModule - Отправлен результат
2023-04-21 00:05:50.186 [main] INFO  ClientModule - Получен ответ от сервера
2023-04-21 00:06:10.663 [main] INFO  KoinStarter - Запуск команды: show
2023-04-21 00:06:10.663 [main] INFO  Tokenizator - Начала запуска команды по шаблону listOfNo
2023-04-21 00:06:10.664 [main] INFO  ClientModule - Запрос отправлен
2023-04-21 00:06:10.664 [main] INFO  ServerModule - Получена команда: show
2023-04-21 00:06:10.665 [main] INFO  ServerModule - Отправлен результат
2023-04-21 00:06:10.665 [main] INFO  ClientModule - Получен ответ от сервера
2023-04-21 00:06:12.247 [main] INFO  KoinStarter - Запуск команды: load
2023-04-21 00:06:12.247 [main] INFO  Tokenizator - Начала запуска команды по шаблону listOfNo
2023-04-21 00:06:12.247 [main] INFO  ClientModule - Запрос отправлен
2023-04-21 00:06:12.248 [main] INFO  ServerModule - Получена команда: load
2023-04-21 00:06:12.250 [main] INFO  ServerModule - Отправлен результат
2023-04-21 00:06:12.250 [main] INFO  ClientModule - Получен ответ от сервера
2023-04-21 00:06:25.116 [main] INFO  KoinStarter - Запуск команды: filter_less_than_distance
2023-04-21 00:06:25.117 [main] INFO  Tokenizator - Начала запуска команды по шаблону listOfLong
2023-04-21 00:06:25.117 [main] INFO  ClientModule - Запрос отправлен
2023-04-21 00:06:25.117 [main] INFO  ServerModule - Получена команда: filter_less_than_distance
2023-04-21 00:06:25.118 [main] INFO  ServerModule - Отправлен результат
2023-04-21 00:06:25.118 [main] INFO  ClientModule - Получен ответ от сервера
2023-04-21 00:06:36.805 [main] INFO  KoinStarter - Запуск команды: show
2023-04-21 00:06:36.805 [main] INFO  Tokenizator - Начала запуска команды по шаблону listOfNo
2023-04-21 00:06:36.805 [main] INFO  ClientModule - Запрос отправлен
2023-04-21 00:06:36.806 [main] INFO  ServerModule - Получена команда: show
2023-04-21 00:06:36.806 [main] INFO  ServerModule - Отправлен результат
2023-04-21 00:06:36.807 [main] INFO  ClientModule - Получен ответ от сервера
2023-04-21 00:08:32.257 [main] INFO  KoinStarter - Запуск команды: exit
2023-04-21 00:08:32.257 [main] INFO  Tokenizator - Начала запуска команды по шаблону listOfNo
2023-04-21 00:08:32.258 [main] INFO  ClientModule - Остановка DatagramChannel
2023-04-21 00:10:22.353 [main] INFO  ClientModule - Запуск DatagramChannel
2023-04-21 00:10:22.359 [main] INFO  KoinStarter - Начало программы
2023-04-21 00:10:22.370 [main] INFO  Tokenizator - Начала запуска команды по шаблону listOfNo
2023-04-21 00:10:22.382 [main] INFO  ClientModule - Запрос отправлен
2023-04-21 00:10:22.383 [main] INFO  ServerModule - Получена команда: update_command
2023-04-21 00:10:22.384 [main] INFO  ServerModule - Отправлен результат
2023-04-21 00:10:22.393 [main] INFO  ClientModule - Получен ответ от сервера
2023-04-21 00:10:29.569 [main] INFO  KoinStarter - Запуск команды: load
2023-04-21 00:10:29.570 [main] INFO  Tokenizator - Начала запуска команды по шаблону listOfNo
2023-04-21 00:10:29.570 [main] INFO  ClientModule - Запрос отправлен
2023-04-21 00:10:29.570 [main] INFO  ServerModule - Получена команда: load
2023-04-21 00:10:29.572 [main] INFO  ServerModule - Отправлен результат
2023-04-21 00:10:29.572 [main] INFO  ClientModule - Получен ответ от сервера
2023-04-21 00:10:42.030 [main] INFO  KoinStarter - Запуск команды: filter_less_than_distance
2023-04-21 00:10:42.030 [main] INFO  Tokenizator - Начала запуска команды по шаблону listOfLong
2023-04-21 00:10:42.031 [main] INFO  ClientModule - Запрос отправлен
2023-04-21 00:10:42.031 [main] INFO  ServerModule - Получена команда: filter_less_than_distance
2023-04-21 00:10:42.032 [main] INFO  ServerModule - Отправлен результат
2023-04-21 00:10:42.032 [main] INFO  ClientModule - Получен ответ от сервера
2023-04-21 00:11:23.785 [main] INFO  KoinStarter - Запуск команды: filter_less_than_distance
2023-04-21 00:11:23.785 [main] INFO  Tokenizator - Начала запуска команды по шаблону listOfLong
2023-04-21 00:11:23.785 [main] INFO  ClientModule - Запрос отправлен
2023-04-21 00:11:23.786 [main] INFO  ServerModule - Получена команда: filter_less_than_distance
2023-04-21 00:11:23.787 [main] INFO  ServerModule - Отправлен результат
2023-04-21 00:11:23.787 [main] INFO  ClientModule - Получен ответ от сервера
2023-04-21 00:11:31.327 [main] INFO  KoinStarter - Запуск команды: show
2023-04-21 00:11:31.327 [main] INFO  Tokenizator - Начала запуска команды по шаблону listOfNo
2023-04-21 00:11:31.327 [main] INFO  ClientModule - Запрос отправлен
2023-04-21 00:11:31.328 [main] INFO  ServerModule - Получена команда: show
2023-04-21 00:11:31.329 [main] INFO  ServerModule - Отправлен результат
2023-04-21 00:11:31.329 [main] INFO  ClientModule - Получен ответ от сервера
2023-04-21 00:14:13.237 [main] INFO  KoinStarter - Запуск команды: exit
2023-04-21 00:14:13.237 [main] INFO  Tokenizator - Начала запуска команды по шаблону listOfNo
2023-04-21 00:14:13.237 [main] INFO  ClientModule - Остановка DatagramChannel
2023-04-21 00:15:05.925 [main] INFO  ServerModuleGet - Запуск сервера
2023-04-21 00:15:10.049 [main] INFO  ClientModule - Запуск DatagramChannel
2023-04-21 00:15:10.054 [main] INFO  KoinStarter - Начало программы
2023-04-21 00:15:10.063 [main] INFO  Tokenizator - Начала запуска команды по шаблону listOfNo
2023-04-21 00:15:10.071 [main] INFO  ClientModule - Запрос отправлен
2023-04-21 00:15:10.083 [main] INFO  ServerModule - Получена команда: update_command
2023-04-21 00:15:10.093 [main] INFO  ServerModule - Отправлен результат
2023-04-21 00:15:10.093 [main] INFO  ClientModule - Получен ответ от сервера
2023-04-21 00:15:12.985 [main] INFO  KoinStarter - Запуск команды: show
2023-04-21 00:15:12.985 [main] INFO  Tokenizator - Начала запуска команды по шаблону listOfNo
2023-04-21 00:15:12.985 [main] INFO  ClientModule - Запрос отправлен
2023-04-21 00:15:12.986 [main] INFO  ServerModule - Получена команда: show
2023-04-21 00:15:12.987 [main] INFO  ServerModule - Отправлен результат
2023-04-21 00:15:12.987 [main] INFO  ClientModule - Получен ответ от сервера
2023-04-21 00:15:22.356 [main] INFO  KoinStarter - Запуск команды: add
2023-04-21 00:15:22.357 [main] INFO  Tokenizator - Начала запуска команды по шаблону listOfObject
2023-04-21 00:15:28.028 [main] INFO  ClientModule - Запрос отправлен
2023-04-21 00:15:28.029 [main] INFO  ServerModule - Получена команда: add
2023-04-21 00:15:28.033 [main] INFO  ServerModule - Отправлен результат
2023-04-21 00:15:28.033 [main] INFO  ClientModule - Получен ответ от сервера
2023-04-21 00:15:30.534 [main] INFO  KoinStarter - Запуск команды: add
2023-04-21 00:15:30.535 [main] INFO  Tokenizator - Начала запуска команды по шаблону listOfObject
2023-04-21 00:15:38.353 [main] INFO  ClientModule - Запрос отправлен
2023-04-21 00:15:38.353 [main] INFO  ServerModule - Получена команда: add
2023-04-21 00:15:38.354 [main] INFO  ServerModule - Отправлен результат
2023-04-21 00:15:38.354 [main] INFO  ClientModule - Получен ответ от сервера
2023-04-21 00:15:54.667 [main] INFO  KoinStarter - Запуск команды: filter_less_than_distance
2023-04-21 00:15:54.667 [main] INFO  Tokenizator - Начала запуска команды по шаблону listOfLong
2023-04-21 00:15:54.668 [main] INFO  ClientModule - Запрос отправлен
2023-04-21 00:15:54.668 [main] INFO  ServerModule - Получена команда: filter_less_than_distance
2023-04-21 00:15:54.669 [main] INFO  ServerModule - Отправлен результат
2023-04-21 00:15:54.669 [main] INFO  ClientModule - Получен ответ от сервера
2023-04-21 00:16:05.634 [main] INFO  KoinStarter - Запуск команды: filter_less_than_distance
2023-04-21 00:16:05.635 [main] INFO  Tokenizator - Начала запуска команды по шаблону listOfLong
2023-04-21 00:16:05.635 [main] INFO  ClientModule - Запрос отправлен
2023-04-21 00:16:05.635 [main] INFO  ServerModule - Получена команда: filter_less_than_distance
2023-04-21 00:16:05.636 [main] INFO  ServerModule - Отправлен результат
2023-04-21 00:16:05.636 [main] INFO  ClientModule - Получен ответ от сервера
2023-04-21 00:18:16.453 [main] INFO  KoinStarter - Запуск команды: load
2023-04-21 00:18:16.453 [main] INFO  Tokenizator - Начала запуска команды по шаблону listOfNo
2023-04-21 00:18:16.454 [main] INFO  ClientModule - Запрос отправлен
2023-04-21 00:18:16.455 [main] INFO  ServerModule - Получена команда: load
2023-04-21 00:18:16.510 [main] INFO  ServerModule - Отправлен результат
2023-04-21 00:18:16.510 [main] INFO  ClientModule - Получен ответ от сервера
2023-04-21 00:18:23.107 [main] INFO  KoinStarter - Запуск команды: show
2023-04-21 00:18:23.107 [main] INFO  Tokenizator - Начала запуска команды по шаблону listOfNo
2023-04-21 00:18:23.107 [main] INFO  ClientModule - Запрос отправлен
2023-04-21 00:18:23.107 [main] INFO  ServerModule - Получена команда: show
2023-04-21 00:18:23.108 [main] INFO  ServerModule - Отправлен результат
2023-04-21 00:18:23.109 [main] INFO  ClientModule - Получен ответ от сервера
2023-04-21 00:18:30.024 [main] INFO  KoinStarter - Запуск команды: filter_less_than_distance
2023-04-21 00:18:30.025 [main] INFO  Tokenizator - Начала запуска команды по шаблону listOfLong
2023-04-21 00:18:30.025 [main] INFO  ClientModule - Запрос отправлен
2023-04-21 00:18:30.025 [main] INFO  ServerModule - Получена команда: filter_less_than_distance
2023-04-21 00:18:30.026 [main] INFO  ServerModule - Отправлен результат
2023-04-21 00:18:30.026 [main] INFO  ClientModule - Получен ответ от сервера
2023-04-21 00:18:44.112 [main] INFO  KoinStarter - Запуск команды: show
2023-04-21 00:18:44.113 [main] INFO  Tokenizator - Начала запуска команды по шаблону listOfNo
2023-04-21 00:18:44.113 [main] INFO  ClientModule - Запрос отправлен
2023-04-21 00:18:44.113 [main] INFO  ServerModule - Получена команда: show
2023-04-21 00:18:44.114 [main] INFO  ServerModule - Отправлен результат
2023-04-21 00:18:44.114 [main] INFO  ClientModule - Получен ответ от сервера
2023-04-21 00:18:54.751 [main] INFO  KoinStarter - Запуск команды: filter_less_than_distance
2023-04-21 00:18:54.751 [main] INFO  Tokenizator - Начала запуска команды по шаблону listOfLong
2023-04-21 00:18:54.752 [main] INFO  ClientModule - Запрос отправлен
2023-04-21 00:18:54.752 [main] INFO  ServerModule - Получена команда: filter_less_than_distance
2023-04-21 00:18:54.753 [main] INFO  ServerModule - Отправлен результат
2023-04-21 00:18:54.753 [main] INFO  ClientModule - Получен ответ от сервера
2023-04-21 00:19:07.729 [main] INFO  KoinStarter - Запуск команды: filter_less_than_distance
2023-04-21 00:19:07.729 [main] INFO  Tokenizator - Начала запуска команды по шаблону listOfLong
2023-04-21 00:19:07.729 [main] INFO  ClientModule - Запрос отправлен
2023-04-21 00:19:07.730 [main] INFO  ServerModule - Получена команда: filter_less_than_distance
2023-04-21 00:19:07.730 [main] INFO  ServerModule - Отправлен результат
2023-04-21 00:19:07.731 [main] INFO  ClientModule - Получен ответ от сервера
2023-04-21 00:19:10.759 [main] INFO  KoinStarter - Запуск команды: filter_less_than_distance
2023-04-21 00:19:10.759 [main] INFO  Tokenizator - Начала запуска команды по шаблону listOfLong
2023-04-21 00:19:10.760 [main] INFO  ClientModule - Запрос отправлен
2023-04-21 00:19:10.760 [main] INFO  ServerModule - Получена команда: filter_less_than_distance
2023-04-21 00:19:10.761 [main] INFO  ServerModule - Отправлен результат
2023-04-21 00:19:10.761 [main] INFO  ClientModule - Получен ответ от сервера
2023-04-21 00:19:15.193 [main] INFO  KoinStarter - Запуск команды: filter_less_than_distance
2023-04-21 00:19:15.193 [main] INFO  Tokenizator - Начала запуска команды по шаблону listOfLong
2023-04-21 00:19:15.194 [main] INFO  ClientModule - Запрос отправлен
2023-04-21 00:19:15.194 [main] INFO  ServerModule - Получена команда: filter_less_than_distance
2023-04-21 00:19:15.195 [main] INFO  ServerModule - Отправлен результат
2023-04-21 00:19:15.195 [main] INFO  ClientModule - Получен ответ от сервера
2023-04-21 00:19:19.051 [main] INFO  KoinStarter - Запуск команды: show
2023-04-21 00:19:19.051 [main] INFO  Tokenizator - Начала запуска команды по шаблону listOfNo
2023-04-21 00:19:19.052 [main] INFO  ClientModule - Запрос отправлен
2023-04-21 00:19:19.052 [main] INFO  ServerModule - Получена команда: show
2023-04-21 00:19:19.053 [main] INFO  ServerModule - Отправлен результат
2023-04-21 00:19:19.053 [main] INFO  ClientModule - Получен ответ от сервера
2023-04-21 00:21:26.809 [main] INFO  KoinStarter - Запуск команды: exit
2023-04-21 00:21:26.809 [main] INFO  Tokenizator - Начала запуска команды по шаблону listOfNo
2023-04-21 00:21:26.809 [main] INFO  ClientModule - Остановка DatagramChannel
2023-04-21 17:22:05.225 [main] INFO  ClientModule - Запуск DatagramChannel
2023-04-21 17:22:05.243 [main] INFO  KoinStarter - Начало программы
2023-04-21 17:22:05.276 [main] INFO  Tokenizator - Начала запуска команды по шаблону listOfNo
2023-04-21 17:22:05.326 [main] INFO  ClientModule - Запрос отправлен
2023-04-21 17:22:08.694 [main] INFO  ClientModule - Ответ от сервера не получен
2023-04-21 17:22:15.831 [main] INFO  ClientModule - Запуск DatagramChannel
2023-04-21 17:22:15.851 [main] INFO  KoinStarter - Начало программы
2023-04-21 17:22:15.919 [main] INFO  Tokenizator - Начала запуска команды по шаблону listOfNo
2023-04-21 17:22:39.539 [main] INFO  ServerModuleGet - Запуск сервера
2023-04-21 17:22:50.365 [main] INFO  ClientModule - Запуск DatagramChannel
2023-04-21 17:22:50.376 [main] INFO  KoinStarter - Начало программы
2023-04-21 17:22:50.391 [main] INFO  Tokenizator - Начала запуска команды по шаблону listOfNo
2023-04-21 17:22:50.416 [main] INFO  ClientModule - Запрос отправлен
2023-04-21 17:22:50.446 [main] INFO  ServerModule - Получена команда: update_command
2023-04-21 17:22:50.481 [main] INFO  ServerModule - Отправлен результат
2023-04-21 17:22:50.482 [main] INFO  ClientModule - Получен ответ от сервера
2023-04-21 17:23:21.981 [main] INFO  KoinStarter - Запуск команды: help
2023-04-21 17:23:21.982 [main] INFO  Tokenizator - Начала запуска команды по шаблону listOfNo
2023-04-21 17:26:57.291 [main] INFO  ServerModuleGet - Запуск сервера
2023-04-21 17:27:10.584 [main] INFO  KoinStarter - Запуск команды: update
2023-04-21 17:27:10.584 [main] INFO  Tokenizator - Неверная команда
2023-04-21 17:27:16.392 [main] INFO  KoinStarter - Запуск команды: update_command
2023-04-21 17:27:16.392 [main] INFO  Tokenizator - Начала запуска команды по шаблону listOfNo
2023-04-21 17:27:16.394 [main] INFO  ClientModule - Запрос отправлен
2023-04-21 17:27:16.415 [main] INFO  ServerModule - Получена команда: update_command
2023-04-21 17:27:16.436 [main] INFO  ServerModule - Отправлен результат
2023-04-21 17:27:19.400 [main] INFO  ClientModule - Ответ от сервера не получен
2023-04-21 17:27:40.557 [main] INFO  KoinStarter - Запуск команды: update_command
2023-04-21 17:27:40.558 [main] INFO  Tokenizator - Начала запуска команды по шаблону listOfNo
2023-04-21 17:27:40.560 [main] INFO  ClientModule - Запрос отправлен
2023-04-21 17:27:40.561 [main] INFO  ServerModule - Получена команда: update_command
2023-04-21 17:27:40.563 [main] INFO  ServerModule - Отправлен результат
2023-04-21 17:27:40.564 [main] INFO  ClientModule - Получен ответ от сервера
2023-04-21 17:28:10.235 [main] INFO  KoinStarter - Запуск команды: add
2023-04-21 17:28:10.236 [main] INFO  Tokenizator - Начала запуска команды по шаблону listOfObject
2023-04-21 17:28:17.203 [main] INFO  ClientModule - Запрос отправлен
2023-04-21 17:28:17.233 [main] INFO  ServerModule - Получена команда: add
2023-04-21 17:28:17.238 [main] INFO  ServerModule - Отправлен результат
2023-04-21 17:28:17.239 [main] INFO  ClientModule - Получен ответ от сервера
2023-04-21 17:28:19.678 [main] INFO  KoinStarter - Запуск команды: show
2023-04-21 17:28:19.679 [main] INFO  Tokenizator - Начала запуска команды по шаблону listOfNo
2023-04-21 17:28:19.679 [main] INFO  ClientModule - Запрос отправлен
2023-04-21 17:28:19.680 [main] INFO  ServerModule - Получена команда: show
2023-04-21 17:28:19.683 [main] INFO  ServerModule - Отправлен результат
2023-04-21 17:28:19.684 [main] INFO  ClientModule - Получен ответ от сервера
2023-04-21 17:28:27.022 [main] INFO  KoinStarter - Запуск команды: show
2023-04-21 17:28:27.022 [main] INFO  Tokenizator - Начала запуска команды по шаблону listOfNo
2023-04-21 17:28:27.024 [main] INFO  ClientModule - Запрос отправлен
2023-04-21 17:28:27.024 [main] INFO  ServerModule - Получена команда: show
2023-04-21 17:28:27.026 [main] INFO  ClientModule - Получен ответ от сервера
2023-04-21 17:28:27.026 [main] INFO  ServerModule - Отправлен результат
2023-04-21 17:33:56.623 [main] INFO  ServerModuleGet - Запуск сервера
2023-04-21 17:34:21.126 [main] INFO  ClientModule - Запуск DatagramChannel
2023-04-21 17:34:21.142 [main] INFO  KoinStarter - Начало программы
2023-04-21 17:34:21.160 [main] INFO  Tokenizator - Начала запуска команды по шаблону listOfNo
2023-04-21 17:34:21.186 [main] INFO  ClientModule - Запрос отправлен
2023-04-21 17:34:21.211 [main] INFO  ServerModule - Получена команда: update_command
2023-04-21 17:34:21.233 [main] INFO  ServerModule - Отправлен результат
2023-04-21 17:34:21.234 [main] INFO  ClientModule - Получен ответ от сервера
2023-04-21 17:34:38.903 [main] INFO  ClientModule - Запуск DatagramChannel
2023-04-21 17:34:38.917 [main] INFO  KoinStarter - Начало программы
2023-04-21 17:34:38.953 [main] INFO  Tokenizator - Начала запуска команды по шаблону listOfNo
2023-04-21 17:34:38.984 [main] INFO  ClientModule - Запрос отправлен
2023-04-21 17:34:38.986 [main] INFO  ServerModule - Получена команда: update_command
2023-04-21 17:34:38.988 [main] INFO  ServerModule - Отправлен результат
2023-04-21 17:34:39.008 [main] INFO  ClientModule - Получен ответ от сервера
2023-04-21 17:34:50.000 [main] INFO  KoinStarter - Запуск команды: add
2023-04-21 17:34:50.000 [main] INFO  Tokenizator - Начала запуска команды по шаблону listOfObject
2023-04-21 17:34:55.937 [main] INFO  ClientModule - Запрос отправлен
2023-04-21 17:34:55.940 [main] INFO  ServerModule - Получена команда: add
2023-04-21 17:34:55.947 [main] INFO  ServerModule - Отправлен результат
2023-04-21 17:34:55.947 [main] INFO  ClientModule - Получен ответ от сервера
2023-04-21 17:35:00.755 [main] INFO  KoinStarter - Запуск команды: show
2023-04-21 17:35:00.755 [main] INFO  Tokenizator - Начала запуска команды по шаблону listOfNo
2023-04-21 17:35:00.756 [main] INFO  ClientModule - Запрос отправлен
2023-04-21 17:35:00.757 [main] INFO  ServerModule - Получена команда: show
2023-04-21 17:35:00.760 [main] INFO  ServerModule - Отправлен результат
2023-04-21 17:35:00.760 [main] INFO  ClientModule - Получен ответ от сервера
2023-04-21 17:36:12.648 [main] INFO  ServerModuleGet - Запуск сервера
2023-04-21 17:36:24.171 [main] INFO  KoinStarter - Запуск команды: update_command
2023-04-21 17:36:24.172 [main] INFO  Tokenizator - Начала запуска команды по шаблону listOfNo
2023-04-21 17:36:24.173 [main] INFO  ClientModule - Запрос отправлен
2023-04-21 17:36:24.194 [main] INFO  ServerModule - Получена команда: update_command
2023-04-21 17:36:24.218 [main] INFO  ServerModule - Отправлен результат
2023-04-21 17:36:24.219 [main] INFO  ClientModule - Получен ответ от сервера
2023-04-21 17:36:55.038 [main] INFO  KoinStarter - Запуск команды: add
2023-04-21 17:36:55.038 [main] INFO  Tokenizator - Начала запуска команды по шаблону listOfObject
2023-04-21 17:37:04.328 [main] INFO  ClientModule - Запрос отправлен
2023-04-21 17:37:04.378 [main] INFO  ServerModule - Получена команда: add
2023-04-21 17:37:04.388 [main] INFO  ServerModule - Отправлен результат
2023-04-21 17:37:04.398 [main] INFO  ClientModule - Получен ответ от сервера
2023-04-21 17:37:13.891 [main] INFO  KoinStarter - Запуск команды: save
2023-04-21 17:37:13.891 [main] INFO  Tokenizator - Начала запуска команды по шаблону listOfNo
2023-04-21 17:37:13.892 [main] INFO  ClientModule - Запрос отправлен
2023-04-21 17:37:13.892 [main] INFO  ServerModule - Получена команда: save
2023-04-21 17:37:14.036 [main] INFO  ServerModule - Отправлен результат
2023-04-21 17:37:14.036 [main] INFO  ClientModule - Получен ответ от сервера
2023-04-21 17:37:34.447 [main] INFO  ServerModuleGet - Запуск сервера
2023-04-21 17:37:45.713 [main] INFO  KoinStarter - Запуск команды: show
2023-04-21 17:37:45.714 [main] INFO  Tokenizator - Начала запуска команды по шаблону listOfNo
2023-04-21 17:37:45.715 [main] INFO  ClientModule - Запрос отправлен
2023-04-21 17:37:45.740 [main] INFO  ServerModule - Получена команда: show
2023-04-21 17:37:45.765 [main] INFO  ServerModule - Отправлен результат
2023-04-21 17:37:45.765 [main] INFO  ClientModule - Получен ответ от сервера
2023-04-21 17:40:54.578 [main] INFO  KoinStarter - Запуск команды: load
2023-04-21 17:40:54.578 [main] INFO  Tokenizator - Начала запуска команды по шаблону listOfNo
2023-04-21 17:40:54.579 [main] INFO  ClientModule - Запрос отправлен
2023-04-21 17:40:54.579 [main] INFO  ServerModule - Получена команда: load
2023-04-21 17:40:54.581 [main] INFO  ServerModule - Отправлен результат
2023-04-21 17:40:54.581 [main] INFO  ClientModule - Получен ответ от сервера
2023-04-21 17:40:56.302 [main] INFO  KoinStarter - Запуск команды: show
2023-04-21 17:40:56.302 [main] INFO  Tokenizator - Начала запуска команды по шаблону listOfNo
2023-04-21 17:40:56.302 [main] INFO  ClientModule - Запрос отправлен
2023-04-21 17:40:56.303 [main] INFO  ServerModule - Получена команда: show
2023-04-21 17:40:56.304 [main] INFO  ServerModule - Отправлен результат
2023-04-21 17:40:56.304 [main] INFO  ClientModule - Получен ответ от сервера
2023-04-21 17:41:08.209 [main] INFO  KoinStarter - Запуск команды: load
2023-04-21 17:41:08.209 [main] INFO  Tokenizator - Начала запуска команды по шаблону listOfNo
2023-04-21 17:41:08.210 [main] INFO  ClientModule - Запрос отправлен
2023-04-21 17:41:08.211 [main] INFO  ServerModule - Получена команда: load
2023-04-21 17:41:08.212 [main] INFO  ServerModule - Отправлен результат
2023-04-21 17:41:08.212 [main] INFO  ClientModule - Получен ответ от сервера
2023-04-21 17:41:10.835 [main] INFO  KoinStarter - Запуск команды: show
2023-04-21 17:41:10.835 [main] INFO  Tokenizator - Начала запуска команды по шаблону listOfNo
2023-04-21 17:41:10.836 [main] INFO  ClientModule - Запрос отправлен
2023-04-21 17:41:10.836 [main] INFO  ServerModule - Получена команда: show
2023-04-21 17:41:10.838 [main] INFO  ServerModule - Отправлен результат
2023-04-21 17:41:10.838 [main] INFO  ClientModule - Получен ответ от сервера
2023-04-21 18:31:03.030 [main] INFO  ClientModule - Запуск DatagramChannel
2023-04-21 18:31:03.035 [main] INFO  KoinStarter - Начало программы
2023-04-21 18:31:03.044 [main] INFO  Tokenizator - Начала запуска команды по шаблону listOfNo
2023-04-21 18:31:03.052 [main] INFO  ClientModule - Запрос отправлен
2023-04-21 18:31:06.095 [main] INFO  ClientModule - Ответ от сервера не получен
2023-04-21 18:31:08.789 [main] INFO  KoinStarter - Запуск команды: help
2023-04-21 18:31:08.790 [main] INFO  Tokenizator - Начала запуска команды по шаблону listOfNo
2023-05-03 00:37:51.533 [main] INFO  ClientModule - Запуск DatagramChannel
2023-05-03 00:37:51.569 [main] INFO  KoinStarter - Начало программы
2023-05-03 00:38:17.513 [main] INFO  ServerModuleGet - Запуск сервера
2023-05-03 00:38:31.134 [main] INFO  ClientModule - Запрос отправлен
2023-05-03 00:41:56.981 [main] INFO  ClientModule - Запуск DatagramChannel
2023-05-03 00:41:56.987 [main] INFO  KoinStarter - Начало программы
2023-05-03 00:42:06.459 [main] INFO  ClientModule - Запрос отправлен
2023-05-03 00:42:06.475 [main] INFO  ServerModule - Получена команда: token
2023-05-03 00:42:06.493 [main] INFO  ServerModule - Отправлен результат
2023-05-03 00:42:06.504 [main] INFO  ClientModule - Получен ответ от сервера
2023-05-03 01:52:32.884 [main] INFO  ServerModuleGet - Запуск сервера
2023-05-03 01:52:48.603 [main] INFO  ClientModule - Запуск DatagramChannel
2023-05-03 01:52:48.610 [main] INFO  KoinStarter - Начало программы
2023-05-03 01:52:59.348 [main] INFO  ClientModule - Запрос отправлен
2023-05-03 01:52:59.370 [main] INFO  ServerModule - Отправлен результат
2023-05-03 01:52:59.388 [main] INFO  ClientModule - Получен ответ от сервера
2023-05-03 01:53:31.558 [main] INFO  KoinStarter - Запуск команды: berba
2023-05-03 01:53:31.559 [main] INFO  Tokenizator - Неверная команда
2023-05-03 01:56:13.898 [main] INFO  ClientModule - Запуск DatagramChannel
2023-05-03 01:56:13.905 [main] INFO  KoinStarter - Начало программы
2023-05-03 01:56:27.783 [main] INFO  ServerModuleGet - Запуск сервера
2023-05-03 01:56:33.220 [main] INFO  ClientModule - Запрос отправлен
2023-05-03 01:56:33.243 [main] INFO  ServerModule - Отправлен результат
2023-05-03 01:56:33.262 [main] INFO  ClientModule - Получен ответ от сервера
2023-05-03 01:57:16.820 [main] INFO  KoinStarter - Запуск команды: add
2023-05-03 01:57:16.820 [main] INFO  Tokenizator - Начала запуска команды по шаблону listOfObject
2023-05-03 01:57:28.694 [main] INFO  ClientModule - Запрос отправлен
2023-05-03 01:57:28.696 [main] INFO  ServerModule - Отправлен результат
2023-05-03 01:57:28.697 [main] INFO  ClientModule - Получен ответ от сервера
2023-05-03 01:57:39.648 [main] INFO  KoinStarter - Запуск команды: show
2023-05-03 01:57:39.648 [main] INFO  Tokenizator - Начала запуска команды по шаблону listOfNo
2023-05-03 01:57:39.648 [main] INFO  ClientModule - Запрос отправлен
2023-05-03 01:57:39.650 [main] INFO  ServerModule - Отправлен результат
2023-05-03 01:57:39.651 [main] INFO  ClientModule - Получен ответ от сервера
2023-05-03 02:03:48.144 [main] INFO  ServerModuleGet - Запуск сервера
2023-05-03 02:04:00.721 [main] INFO  ClientModule - Запуск DatagramChannel
2023-05-03 02:04:00.727 [main] INFO  KoinStarter - Начало программы
2023-05-03 02:04:09.168 [main] INFO  ClientModule - Запрос отправлен
2023-05-03 02:04:09.296 [main] INFO  ServerModule - Отправлен результат
2023-05-03 02:04:09.297 [main] INFO  ClientModule - Получен ответ от сервера
2023-05-03 02:04:25.545 [main] INFO  KoinStarter - Запуск команды: show
2023-05-03 02:04:25.546 [main] INFO  Tokenizator - Начала запуска команды по шаблону listOfNo
2023-05-03 02:04:25.546 [main] INFO  ClientModule - Запрос отправлен
2023-05-03 02:04:25.547 [main] INFO  ServerModule - Получена команда: show
2023-05-03 02:04:25.550 [main] INFO  ServerModule - Отправлен результат
2023-05-03 02:04:25.550 [main] INFO  ClientModule - Получен ответ от сервера
2023-05-03 02:04:31.924 [main] INFO  KoinStarter - Запуск команды: show
2023-05-03 02:04:31.924 [main] INFO  Tokenizator - Начала запуска команды по шаблону listOfNo
2023-05-03 02:04:31.924 [main] INFO  ClientModule - Запрос отправлен
2023-05-03 02:04:31.927 [main] INFO  ServerModule - Отправлен результат
2023-05-03 02:04:31.927 [main] INFO  ClientModule - Получен ответ от сервера
2023-05-03 02:04:47.220 [main] INFO  KoinStarter - Запуск команды: add
2023-05-03 02:04:47.220 [main] INFO  Tokenizator - Начала запуска команды по шаблону listOfObject
2023-05-03 02:04:57.121 [main] INFO  ClientModule - Запрос отправлен
2023-05-03 02:04:57.123 [main] INFO  ServerModule - Получена команда: add
2023-05-03 02:04:57.265 [main] INFO  ServerModule - Отправлен результат
2023-05-03 02:04:57.266 [main] INFO  ClientModule - Получен ответ от сервера
2023-05-03 02:05:00.963 [main] INFO  KoinStarter - Запуск команды: show
2023-05-03 02:05:00.963 [main] INFO  Tokenizator - Начала запуска команды по шаблону listOfNo
2023-05-03 02:05:00.963 [main] INFO  ClientModule - Запрос отправлен
2023-05-03 02:05:00.964 [main] INFO  ServerModule - Получена команда: show
2023-05-03 02:05:00.966 [main] INFO  ServerModule - Отправлен результат
2023-05-03 02:05:00.966 [main] INFO  ClientModule - Получен ответ от сервера
2023-05-03 02:05:12.103 [main] INFO  KoinStarter - Запуск команды: show
2023-05-03 02:05:12.104 [main] INFO  Tokenizator - Начала запуска команды по шаблону listOfNo
2023-05-03 02:05:12.104 [main] INFO  ClientModule - Запрос отправлен
2023-05-03 02:05:12.105 [main] INFO  ServerModule - Получена команда: show
2023-05-03 02:05:12.106 [main] INFO  ServerModule - Отправлен результат
2023-05-03 02:05:12.106 [main] INFO  ClientModule - Получен ответ от сервера
2023-05-03 02:05:29.657 [main] INFO  KoinStarter - Запуск команды: clear
2023-05-03 02:05:29.657 [main] INFO  Tokenizator - Начала запуска команды по шаблону listOfNo
2023-05-03 02:05:29.658 [main] INFO  ClientModule - Запрос отправлен
2023-05-03 02:05:29.659 [main] INFO  ServerModule - Получена команда: clear
2023-05-03 02:05:29.660 [main] INFO  ServerModule - Отправлен результат
2023-05-03 02:05:29.661 [main] INFO  ClientModule - Получен ответ от сервера
2023-05-03 02:19:42.799 [main] INFO  ServerModuleGet - Запуск сервера
2023-05-03 02:20:02.612 [main] INFO  ClientModule - Запуск DatagramChannel
2023-05-03 02:20:02.618 [main] INFO  KoinStarter - Начало программы
2023-05-03 02:20:14.180 [main] INFO  ClientModule - Запрос отправлен
2023-05-03 02:20:14.209 [main] INFO  ServerModule - Отправлен результат
2023-05-03 02:20:14.221 [main] INFO  ClientModule - Получен ответ от сервера
2023-05-03 02:20:25.247 [main] INFO  KoinStarter - Запуск команды: clear
2023-05-03 02:20:25.248 [main] INFO  Tokenizator - Начала запуска команды по шаблону listOfNo
2023-05-03 02:20:25.248 [main] INFO  ClientModule - Запрос отправлен
2023-05-03 02:20:25.249 [main] INFO  ServerModule - Получена команда: clear
2023-05-03 02:20:25.251 [main] INFO  ServerModule - Отправлен результат
2023-05-03 02:20:25.251 [main] INFO  ClientModule - Получен ответ от сервера
2023-05-03 02:20:31.168 [main] INFO  KoinStarter - Запуск команды: clear
2023-05-03 02:20:31.168 [main] INFO  Tokenizator - Начала запуска команды по шаблону listOfNo
2023-05-03 02:20:31.168 [main] INFO  ClientModule - Запрос отправлен
2023-05-03 02:20:31.170 [main] INFO  ServerModule - Отправлен результат
2023-05-03 02:20:31.170 [main] INFO  ClientModule - Получен ответ от сервера
2023-05-03 02:20:36.538 [main] INFO  KoinStarter - Запуск команды: clear
2023-05-03 02:20:36.538 [main] INFO  Tokenizator - Начала запуска команды по шаблону listOfNo
2023-05-03 02:20:36.538 [main] INFO  ClientModule - Запрос отправлен
2023-05-03 02:20:36.539 [main] INFO  ServerModule - Получена команда: clear
2023-05-03 02:20:36.541 [main] INFO  ServerModule - Отправлен результат
2023-05-03 02:20:36.542 [main] INFO  ClientModule - Получен ответ от сервера
2023-05-03 02:20:49.673 [main] INFO  KoinStarter - Запуск команды: clear
2023-05-03 02:20:49.673 [main] INFO  Tokenizator - Начала запуска команды по шаблону listOfNo
2023-05-03 02:20:49.674 [main] INFO  ClientModule - Запрос отправлен
2023-05-03 02:20:49.675 [main] INFO  ServerModule - Получена команда: clear
2023-05-03 02:20:49.676 [main] INFO  ServerModule - Отправлен результат
2023-05-03 02:20:49.676 [main] INFO  ClientModule - Получен ответ от сервера
2023-05-03 02:20:53.568 [main] INFO  KoinStarter - Запуск команды: clear
2023-05-03 02:20:53.568 [main] INFO  Tokenizator - Начала запуска команды по шаблону listOfNo
2023-05-03 02:20:53.568 [main] INFO  ClientModule - Запрос отправлен
2023-05-03 02:20:53.569 [main] INFO  ServerModule - Получена команда: clear
2023-05-03 02:20:53.570 [main] INFO  ServerModule - Отправлен результат
2023-05-03 02:20:53.571 [main] INFO  ClientModule - Получен ответ от сервера
2023-05-03 02:21:17.633 [main] INFO  KoinStarter - Запуск команды: show
2023-05-03 02:21:17.633 [main] INFO  Tokenizator - Начала запуска команды по шаблону listOfNo
2023-05-03 02:21:17.633 [main] INFO  ClientModule - Запрос отправлен
2023-05-03 02:21:17.634 [main] INFO  ServerModule - Получена команда: show
2023-05-03 02:21:17.636 [main] INFO  ServerModule - Отправлен результат
2023-05-03 02:21:17.636 [main] INFO  ClientModule - Получен ответ от сервера
2023-05-03 02:21:22.058 [main] INFO  KoinStarter - Запуск команды: clear
2023-05-03 02:21:22.058 [main] INFO  Tokenizator - Начала запуска команды по шаблону listOfNo
2023-05-03 02:21:22.059 [main] INFO  ClientModule - Запрос отправлен
2023-05-03 02:21:22.061 [main] INFO  ServerModule - Получена команда: clear
2023-05-03 02:21:22.063 [main] INFO  ServerModule - Отправлен результат
2023-05-03 02:21:22.064 [main] INFO  ClientModule - Получен ответ от сервера
2023-05-03 02:21:40.703 [main] INFO  KoinStarter - Запуск команды: show
2023-05-03 02:21:40.703 [main] INFO  Tokenizator - Начала запуска команды по шаблону listOfNo
2023-05-03 02:21:40.703 [main] INFO  ClientModule - Запрос отправлен
2023-05-03 02:21:40.704 [main] INFO  ServerModule - Получена команда: show
2023-05-03 02:21:40.705 [main] INFO  ServerModule - Отправлен результат
2023-05-03 02:21:40.706 [main] INFO  ClientModule - Получен ответ от сервера
2023-05-03 02:21:44.316 [main] INFO  KoinStarter - Запуск команды: show
2023-05-03 02:21:44.316 [main] INFO  Tokenizator - Начала запуска команды по шаблону listOfNo
2023-05-03 02:21:44.316 [main] INFO  ClientModule - Запрос отправлен
2023-05-03 02:21:44.317 [main] INFO  ServerModule - Получена команда: show
2023-05-03 02:21:44.319 [main] INFO  ServerModule - Отправлен результат
2023-05-03 02:21:44.319 [main] INFO  ClientModule - Получен ответ от сервера
2023-05-03 02:21:53.388 [main] INFO  KoinStarter - Запуск команды: info
2023-05-03 02:21:53.388 [main] INFO  Tokenizator - Начала запуска команды по шаблону listOfNo
2023-05-03 02:21:53.389 [main] INFO  ClientModule - Запрос отправлен
2023-05-03 02:21:53.390 [main] INFO  ServerModule - Получена команда: info
2023-05-03 02:21:53.392 [main] INFO  ServerModule - Отправлен результат
2023-05-03 02:21:53.392 [main] INFO  ClientModule - Получен ответ от сервера
2023-05-03 02:21:59.250 [main] INFO  KoinStarter - Запуск команды: switch
2023-05-03 02:21:59.250 [main] INFO  Tokenizator - Начала запуска команды по шаблону listOfNo
2023-05-03 02:21:59.251 [main] INFO  ClientModule - Запрос отправлен
2023-05-03 02:21:59.251 [main] INFO  ServerModule - Получена команда: switch
2023-05-03 02:21:59.252 [main] INFO  ServerModule - Отправлен результат
2023-05-03 02:21:59.253 [main] INFO  ClientModule - Получен ответ от сервера
2023-05-03 02:22:09.887 [main] INFO  KoinStarter - Запуск команды: switch
2023-05-03 02:22:09.887 [main] INFO  Tokenizator - Начала запуска команды по шаблону listOfNo
2023-05-03 02:22:09.887 [main] INFO  ClientModule - Запрос отправлен
2023-05-03 02:22:09.888 [main] INFO  ServerModule - Получена команда: switch
2023-05-03 02:22:09.890 [main] INFO  ServerModule - Отправлен результат
2023-05-03 02:22:09.891 [main] INFO  ClientModule - Получен ответ от сервера
2023-05-03 02:22:20.527 [main] INFO  KoinStarter - Запуск команды: exit
2023-05-03 02:22:20.527 [main] INFO  Tokenizator - Начала запуска команды по шаблону listOfNo
2023-05-03 02:22:20.527 [main] INFO  ClientModule - Запрос отправлен
2023-05-03 02:22:20.529 [main] INFO  ServerModule - Отправлен результат
2023-05-03 02:22:20.529 [main] INFO  ClientModule - Получен ответ от сервера
2023-05-03 02:22:20.530 [main] INFO  ClientModule - Остановка DatagramChannel
2023-05-03 02:27:46.890 [main] INFO  ServerModuleGet - Запуск сервера
2023-05-03 02:27:57.193 [main] INFO  ClientModule - Запуск DatagramChannel
2023-05-03 02:27:57.200 [main] INFO  KoinStarter - Начало программы
2023-05-03 02:28:03.294 [main] INFO  ClientModule - Запрос отправлен
2023-05-03 02:28:03.324 [main] INFO  ServerModule - Отправлен результат
2023-05-03 02:28:03.337 [main] INFO  ClientModule - Получен ответ от сервера
2023-05-03 02:28:09.542 [main] INFO  KoinStarter - Запуск команды: show
2023-05-03 02:28:09.543 [main] INFO  Tokenizator - Начала запуска команды по шаблону listOfNo
2023-05-03 02:28:09.544 [main] INFO  ClientModule - Запрос отправлен
2023-05-03 02:28:09.545 [main] INFO  ServerModule - Получена команда: show
2023-05-03 02:28:09.547 [main] INFO  ServerModule - Отправлен результат
2023-05-03 02:28:09.548 [main] INFO  ClientModule - Получен ответ от сервера
2023-05-03 02:28:15.729 [main] INFO  KoinStarter - Запуск команды: show
2023-05-03 02:28:15.730 [main] INFO  Tokenizator - Начала запуска команды по шаблону listOfNo
2023-05-03 02:28:15.730 [main] INFO  ClientModule - Запрос отправлен
2023-05-03 02:28:15.731 [main] INFO  ServerModule - Получена команда: show
2023-05-03 02:28:15.732 [main] INFO  ServerModule - Отправлен результат
2023-05-03 02:28:15.733 [main] INFO  ClientModule - Получен ответ от сервера
2023-05-03 02:28:19.813 [main] INFO  KoinStarter - Запуск команды: clear
2023-05-03 02:28:19.813 [main] INFO  Tokenizator - Начала запуска команды по шаблону listOfNo
2023-05-03 02:28:19.814 [main] INFO  ClientModule - Запрос отправлен
2023-05-03 02:28:19.815 [main] INFO  ServerModule - Получена команда: clear
2023-05-03 02:28:19.816 [main] INFO  ServerModule - Отправлен результат
2023-05-03 02:28:19.817 [main] INFO  ClientModule - Получен ответ от сервера
2023-05-03 02:28:22.654 [main] INFO  KoinStarter - Запуск команды: clear
2023-05-03 02:28:22.654 [main] INFO  Tokenizator - Начала запуска команды по шаблону listOfNo
2023-05-03 02:28:22.655 [main] INFO  ClientModule - Запрос отправлен
2023-05-03 02:28:22.656 [main] INFO  ServerModule - Получена команда: clear
2023-05-03 02:28:22.658 [main] INFO  ServerModule - Отправлен результат
2023-05-03 02:28:22.658 [main] INFO  ClientModule - Получен ответ от сервера
2023-05-03 02:28:27.251 [main] INFO  KoinStarter - Запуск команды: add
2023-05-03 02:28:27.252 [main] INFO  Tokenizator - Начала запуска команды по шаблону listOfObject
2023-05-03 02:28:31.853 [main] INFO  ClientModule - Запрос отправлен
2023-05-03 02:28:31.855 [main] INFO  ServerModule - Получена команда: add
2023-05-03 02:28:31.867 [main] INFO  ServerModule - Отправлен результат
2023-05-03 02:28:31.868 [main] INFO  ClientModule - Получен ответ от сервера
2023-05-03 02:28:35.260 [main] INFO  KoinStarter - Запуск команды: show
2023-05-03 02:28:35.260 [main] INFO  Tokenizator - Начала запуска команды по шаблону listOfNo
2023-05-03 02:28:35.261 [main] INFO  ClientModule - Запрос отправлен
2023-05-03 02:28:35.263 [main] INFO  ServerModule - Получена команда: show
2023-05-03 02:28:35.264 [main] INFO  ServerModule - Отправлен результат
2023-05-03 02:28:35.264 [main] INFO  ClientModule - Получен ответ от сервера
2023-05-03 02:29:02.634 [main] INFO  KoinStarter - Запуск команды: clear
2023-05-03 02:29:02.634 [main] INFO  Tokenizator - Начала запуска команды по шаблону listOfNo
2023-05-03 02:29:02.634 [main] INFO  ClientModule - Запрос отправлен
2023-05-03 02:29:02.635 [main] INFO  ServerModule - Получена команда: clear
2023-05-03 02:29:02.637 [main] INFO  ServerModule - Отправлен результат
2023-05-03 02:29:02.637 [main] INFO  ClientModule - Получен ответ от сервера
2023-05-03 02:29:06.812 [main] INFO  KoinStarter - Запуск команды: bebra
2023-05-03 02:29:06.812 [main] INFO  Tokenizator - Неверная команда
2023-05-03 02:29:12.132 [main] INFO  KoinStarter - Запуск команды: show
2023-05-03 02:29:12.132 [main] INFO  Tokenizator - Начала запуска команды по шаблону listOfNo
2023-05-03 02:29:12.133 [main] INFO  ClientModule - Запрос отправлен
2023-05-03 02:29:12.134 [main] INFO  ServerModule - Получена команда: show
2023-05-03 02:29:12.135 [main] INFO  ServerModule - Отправлен результат
2023-05-03 02:29:12.135 [main] INFO  ClientModule - Получен ответ от сервера
2023-05-03 02:29:31.391 [main] INFO  KoinStarter - Запуск команды: clear
2023-05-03 02:29:31.391 [main] INFO  Tokenizator - Начала запуска команды по шаблону listOfNo
2023-05-03 02:29:31.392 [main] INFO  ClientModule - Запрос отправлен
2023-05-03 02:29:31.393 [main] INFO  ServerModule - Отправлен результат
2023-05-03 02:29:31.395 [main] INFO  ClientModule - Получен ответ от сервера
2023-05-03 02:29:34.271 [main] INFO  KoinStarter - Запуск команды: show
2023-05-03 02:29:34.271 [main] INFO  Tokenizator - Начала запуска команды по шаблону listOfNo
2023-05-03 02:29:34.272 [main] INFO  ClientModule - Запрос отправлен
2023-05-03 02:29:34.273 [main] INFO  ServerModule - Получена команда: show
2023-05-03 02:29:34.274 [main] INFO  ServerModule - Отправлен результат
2023-05-03 02:29:34.274 [main] INFO  ClientModule - Получен ответ от сервера
2023-05-03 02:29:36.733 [main] INFO  KoinStarter - Запуск команды: show
2023-05-03 02:29:36.733 [main] INFO  Tokenizator - Начала запуска команды по шаблону listOfNo
2023-05-03 02:29:36.733 [main] INFO  ClientModule - Запрос отправлен
2023-05-03 02:29:36.734 [main] INFO  ServerModule - Получена команда: show
2023-05-03 02:29:36.736 [main] INFO  ServerModule - Отправлен результат
2023-05-03 02:29:36.736 [main] INFO  ClientModule - Получен ответ от сервера
2023-05-03 02:29:39.042 [main] INFO  KoinStarter - Запуск команды: clear
2023-05-03 02:29:39.042 [main] INFO  Tokenizator - Начала запуска команды по шаблону listOfNo
2023-05-03 02:29:39.043 [main] INFO  ClientModule - Запрос отправлен
2023-05-03 02:29:39.044 [main] INFO  ServerModule - Получена команда: clear
2023-05-03 02:29:39.046 [main] INFO  ServerModule - Отправлен результат
2023-05-03 02:29:39.046 [main] INFO  ClientModule - Получен ответ от сервера
2023-05-03 02:29:41.465 [main] INFO  KoinStarter - Запуск команды: clear
2023-05-03 02:29:41.465 [main] INFO  Tokenizator - Начала запуска команды по шаблону listOfNo
2023-05-03 02:29:41.465 [main] INFO  ClientModule - Запрос отправлен
2023-05-03 02:29:41.466 [main] INFO  ServerModule - Получена команда: clear
2023-05-03 02:29:41.467 [main] INFO  ServerModule - Отправлен результат
2023-05-03 02:29:41.468 [main] INFO  ClientModule - Получен ответ от сервера
2023-05-03 02:29:47.515 [main] INFO  KoinStarter - Запуск команды: yalog
2023-05-03 02:29:47.515 [main] INFO  Tokenizator - Неверная команда
2023-05-03 02:29:53.789 [main] INFO  KoinStarter - Запуск команды: show
2023-05-03 02:29:53.789 [main] INFO  Tokenizator - Начала запуска команды по шаблону listOfNo
2023-05-03 02:29:53.790 [main] INFO  ClientModule - Запрос отправлен
2023-05-03 02:29:53.791 [main] INFO  ServerModule - Получена команда: show
2023-05-03 02:29:53.793 [main] INFO  ServerModule - Отправлен результат
2023-05-03 02:29:53.793 [main] INFO  ClientModule - Получен ответ от сервера
2023-05-03 02:29:59.036 [main] INFO  KoinStarter - Запуск команды: exit
2023-05-03 02:29:59.037 [main] INFO  Tokenizator - Начала запуска команды по шаблону listOfNo
2023-05-03 02:29:59.037 [main] INFO  ClientModule - Запрос отправлен
2023-05-03 02:29:59.039 [main] INFO  ServerModule - Отправлен результат
2023-05-03 02:29:59.039 [main] INFO  ClientModule - Получен ответ от сервера
2023-05-03 02:29:59.040 [main] INFO  ClientModule - Остановка DatagramChannel
2023-05-04 11:47:32.855 [main] INFO  ServerModuleGet - Запуск сервера
2023-05-04 11:47:56.998 [main] INFO  ClientModule - Запуск DatagramChannel
2023-05-04 11:47:57.010 [main] INFO  KoinStarter - Начало программы
2023-05-04 11:48:14.166 [main] INFO  ClientModule - Запрос отправлен
2023-05-04 11:48:14.300 [main] INFO  ServerModule - Отправлен результат
2023-05-04 11:48:14.301 [main] INFO  ClientModule - Получен ответ от сервера
2023-05-04 11:48:35.400 [main] INFO  KoinStarter - Запуск команды: clear
2023-05-04 11:48:35.402 [main] INFO  Tokenizator - Начала запуска команды по шаблону listOfNo
2023-05-04 11:48:35.403 [main] INFO  ClientModule - Запрос отправлен
2023-05-04 11:48:35.405 [main] INFO  ServerModule - Получена команда: clear
2023-05-04 11:48:35.409 [main] INFO  ServerModule - Отправлен результат
2023-05-04 11:48:35.409 [main] INFO  ClientModule - Получен ответ от сервера
2023-05-04 11:48:41.619 [main] INFO  KoinStarter - Запуск команды: clear
2023-05-04 11:48:41.619 [main] INFO  Tokenizator - Начала запуска команды по шаблону listOfNo
2023-05-04 11:48:41.620 [main] INFO  ClientModule - Запрос отправлен
2023-05-04 11:48:41.624 [main] INFO  ServerModule - Отправлен результат
2023-05-04 11:48:41.625 [main] INFO  ClientModule - Получен ответ от сервера
